<?xml version="1.0" encoding="UTF-8"?>
<testsuite name="com.exito.runner.RunnerTestCucumber" tests="0" skipped="0" failures="0" errors="0" timestamp="1970-01-01T00:00:00" hostname="PSOKFA0777" time="0.0">
  <properties/>
  <system-out><![CDATA[
?[31mFailed scenarios:?[0m
?[31mfile:///D:/RetoAutomatizacionWeb/src/test/resources/features/purchase.feature:7?[0m# Compra productos de mercado

1 Scenarios (?[31m1 failed?[0m)
4 Steps (?[31m1 failed?[0m, ?[36m1 skipped?[0m, ?[32m2 passed?[0m)
0m54,069s


java.lang.AssertionError: ERROR EN LA SELECCION DEL PRODUCTO
	at com.exito.stepdefinition.purchase.StepDefinition.elClienteSeleccionaSusProductosYFinalizaSuCompra(StepDefinition.java:106)
	at ?.el cliente selecciona sus productos y finaliza su compra(file:///D:/RetoAutomatizacionWeb/src/test/resources/features/purchase.feature:10)


]]></system-out>
  <system-err><![CDATA[SLF4J: Failed to load class "org.slf4j.impl.StaticLoggerBinder".
SLF4J: Defaulting to no-operation (NOP) logger implementation
SLF4J: See http://www.slf4j.org/codes.html#StaticLoggerBinder for further details.
]]></system-err>
</testsuite>
